TN:
SF:/home/bhagyashree.pal/Documents/interviews/flight-search/public/scripts/app.js
FNF:0
FNH:0
DA:16,1
DA:25,1
DA:27,1
DA:29,1
DA:31,1
DA:32,1
LF:6
LH:6
BRF:0
BRH:0
end_of_record
TN:
SF:/home/bhagyashree.pal/Documents/interviews/flight-search/public/scripts/components/common/common.communication.js
FN:3,(anonymous_0)
FN:9,(anonymous_1)
FN:17,(anonymous_2)
FN:18,(anonymous_3)
FN:25,(anonymous_4)
FN:26,(anonymous_5)
FN:34,(anonymous_6)
FN:38,(anonymous_7)
FN:42,(anonymous_8)
FNF:9
FNH:3
FNDA:10,(anonymous_0)
FNDA:5,(anonymous_1)
FNDA:0,(anonymous_2)
FNDA:0,(anonymous_3)
FNDA:0,(anonymous_4)
FNDA:0,(anonymous_5)
FNDA:0,(anonymous_6)
FNDA:0,(anonymous_7)
FNDA:10,(anonymous_8)
DA:5,10
DA:6,10
DA:10,5
DA:18,0
DA:19,0
DA:20,0
DA:26,0
DA:27,0
DA:28,0
DA:29,0
DA:35,0
DA:39,0
DA:43,10
LF:13
LH:4
BRDA:19,0,0,0
BRDA:19,0,1,0
BRDA:27,1,0,0
BRDA:27,1,1,0
BRF:4
BRH:0
end_of_record
TN:
SF:/home/bhagyashree.pal/Documents/interviews/flight-search/public/scripts/components/common/data.factory.js
FN:66,(anonymous_0)
FN:70,(anonymous_1)
FN:74,(anonymous_2)
FNF:3
FNH:3
FNDA:4,(anonymous_0)
FNDA:2,(anonymous_1)
FNDA:4,(anonymous_2)
DA:2,1
DA:71,2
DA:76,4
LF:3
LH:3
BRF:0
BRH:0
end_of_record
TN:
SF:/home/bhagyashree.pal/Documents/interviews/flight-search/public/scripts/components/common/index.js
FNF:0
FNH:0
DA:1,1
DA:4,1
DA:7,1
LF:3
LH:3
BRF:0
BRH:0
end_of_record
TN:
SF:/home/bhagyashree.pal/Documents/interviews/flight-search/public/scripts/components/config/app.config.js
FN:1,AppConfig
FNF:1
FNH:1
FNDA:11,AppConfig
DA:3,11
DA:4,11
LF:2
LH:2
BRF:0
BRH:0
end_of_record
TN:
SF:/home/bhagyashree.pal/Documents/interviews/flight-search/public/scripts/components/config/app.constant.js
FNF:0
FNH:0
DA:1,1
LF:1
LH:1
BRF:0
BRH:0
end_of_record
TN:
SF:/home/bhagyashree.pal/Documents/interviews/flight-search/public/scripts/components/config/app.run.js
FN:1,AppRun
FN:4,(anonymous_1)
FNF:2
FNH:2
FNDA:11,AppRun
FNDA:6,(anonymous_1)
DA:4,11
LF:1
LH:1
BRF:0
BRH:0
end_of_record
TN:
SF:/home/bhagyashree.pal/Documents/interviews/flight-search/public/scripts/components/config/app.templates.js
FN:1,(anonymous_0)
FNF:1
FNH:0
FNDA:0,(anonymous_0)
DA:1,1
DA:2,0
DA:3,0
LF:3
LH:1
BRF:0
BRH:0
end_of_record
TN:
SF:/home/bhagyashree.pal/Documents/interviews/flight-search/public/scripts/components/details/details.component.js
FN:3,(anonymous_0)
FN:9,(anonymous_1)
FN:17,(anonymous_2)
FN:19,(anonymous_3)
FN:33,(anonymous_4)
FN:35,(anonymous_5)
FN:43,(anonymous_6)
FN:54,(anonymous_7)
FNF:8
FNH:6
FNDA:4,(anonymous_0)
FNDA:2,(anonymous_1)
FNDA:2,(anonymous_2)
FNDA:0,(anonymous_3)
FNDA:1,(anonymous_4)
FNDA:5,(anonymous_5)
FNDA:5,(anonymous_6)
FNDA:0,(anonymous_7)
DA:5,4
DA:6,4
DA:10,2
DA:11,2
DA:12,2
DA:18,2
DA:19,2
DA:20,0
DA:21,0
DA:22,0
DA:23,0
DA:34,1
DA:35,1
DA:36,5
DA:40,1
DA:42,1
DA:43,1
DA:44,5
DA:48,2
DA:55,0
DA:60,1
LF:21
LH:16
BRDA:20,0,0,0
BRDA:20,0,1,0
BRDA:36,1,0,1
BRDA:36,1,1,4
BRDA:36,2,0,5
BRDA:36,2,1,2
BRDA:36,2,2,1
BRDA:36,2,3,1
BRDA:36,2,4,1
BRDA:36,2,5,1
BRDA:42,3,0,1
BRDA:42,3,1,0
BRDA:44,4,0,2
BRDA:44,4,1,3
BRDA:44,5,0,5
BRDA:44,5,1,2
BRDA:44,5,2,2
BRDA:44,5,3,2
BRDA:44,5,4,2
BRDA:44,5,5,2
BRF:20
BRH:17
end_of_record
TN:
SF:/home/bhagyashree.pal/Documents/interviews/flight-search/public/scripts/components/details/index.js
FNF:0
FNH:0
DA:1,1
DA:5,1
LF:2
LH:2
BRF:0
BRH:0
end_of_record
TN:
SF:/home/bhagyashree.pal/Documents/interviews/flight-search/public/scripts/components/filters/filters.component.js
FN:3,(anonymous_0)
FN:8,(anonymous_1)
FN:26,(anonymous_2)
FN:32,(anonymous_3)
FN:45,(anonymous_4)
FN:66,(anonymous_5)
FN:68,(anonymous_6)
FN:74,(anonymous_7)
FNF:8
FNH:4
FNDA:5,(anonymous_0)
FNDA:3,(anonymous_1)
FNDA:0,(anonymous_2)
FNDA:2,(anonymous_3)
FNDA:0,(anonymous_4)
FNDA:3,(anonymous_5)
FNDA:0,(anonymous_6)
FNDA:0,(anonymous_7)
DA:5,5
DA:9,3
DA:11,3
DA:12,3
DA:13,3
DA:14,3
DA:15,3
DA:16,3
DA:17,3
DA:18,3
DA:26,0
DA:33,2
DA:34,1
DA:35,1
DA:36,1
DA:38,1
DA:39,1
DA:46,0
DA:47,0
DA:48,0
DA:49,0
DA:50,0
DA:51,0
DA:52,0
DA:61,0
DA:67,3
DA:68,3
DA:75,0
DA:80,1
LF:29
LH:19
BRDA:33,0,0,1
BRDA:33,0,1,1
BRDA:46,1,0,0
BRDA:46,1,1,0
BRDA:47,2,0,0
BRDA:47,2,1,0
BRDA:48,3,0,0
BRDA:48,3,1,0
BRDA:49,4,0,0
BRDA:49,4,1,0
BRDA:49,5,0,0
BRDA:49,5,1,0
BRDA:49,5,2,0
BRDA:49,5,3,0
BRDA:50,6,0,0
BRDA:50,6,1,0
BRDA:51,7,0,0
BRDA:51,7,1,0
BRDA:51,8,0,0
BRDA:51,8,1,0
BRDA:51,8,2,0
BRDA:51,8,3,0
BRDA:51,8,4,0
BRDA:56,9,0,0
BRDA:56,9,1,0
BRF:25
BRH:2
end_of_record
TN:
SF:/home/bhagyashree.pal/Documents/interviews/flight-search/public/scripts/components/filters/index.js
FNF:0
FNH:0
DA:1,1
DA:5,1
LF:2
LH:2
BRF:0
BRH:0
end_of_record
TN:
SF:/home/bhagyashree.pal/Documents/interviews/flight-search/public/scripts/components/home/home.component.js
FN:2,(anonymous_0)
FN:7,(anonymous_1)
FN:11,(anonymous_2)
FN:13,(anonymous_3)
FN:19,(anonymous_4)
FNF:5
FNH:1
FNDA:1,(anonymous_0)
FNDA:0,(anonymous_1)
FNDA:0,(anonymous_2)
FNDA:0,(anonymous_3)
FNDA:0,(anonymous_4)
DA:4,1
DA:8,0
DA:12,0
DA:13,0
DA:20,0
DA:25,1
LF:6
LH:2
BRF:0
BRH:0
end_of_record
TN:
SF:/home/bhagyashree.pal/Documents/interviews/flight-search/public/scripts/components/home/home.config.js
FN:1,HomeConfig
FNF:1
FNH:1
FNDA:11,HomeConfig
DA:3,11
LF:1
LH:1
BRF:0
BRH:0
end_of_record
TN:
SF:/home/bhagyashree.pal/Documents/interviews/flight-search/public/scripts/components/home/index.js
FNF:0
FNH:0
DA:1,1
DA:5,1
DA:9,1
LF:3
LH:3
BRF:0
BRH:0
end_of_record
TN:
SF:/home/bhagyashree.pal/Documents/interviews/flight-search/public/scripts/config/app.templates.js
FN:1,(anonymous_0)
FNF:1
FNH:0
FNDA:0,(anonymous_0)
DA:1,1
DA:2,0
DA:3,0
LF:3
LH:1
BRF:0
BRH:0
end_of_record
